2019-10-16 17:28:09 solr最新30分钟数据量：0
2019-10-16 17:38:55 solr最新30分钟数据量：0
2019-10-16 17:41:10 solr最新30分钟数据量：5101
2019-10-16 17:44:49 solr最新30分钟数据量：5130
2019-10-16 17:44:53 solr最新30分钟数据量：5117
2019-10-16 17:44:55 solr最新30分钟数据量：5107
短信测试！solr数据量异常，最新30分钟数据量：0
ALL
2019-10-16 18:55:25 短信测试！solr数据量异常，最新30分钟数据量：0
solr数据量异常，最新30分钟数据量：0
ALL
2019-10-18 04:33:28 solr数据量异常，最新30分钟数据量：0
solr数据量异常，最新30分钟数据量：0
ALL
2019-10-18 18:04:14 solr数据量异常，最新30分钟数据量：0
2019-10-20 16:19:18 solr数据量异常，最新30分钟数据量：0
2019-10-20 16:22:52 solr数据量异常，最新30分钟数据量：0
2019-10-20 16:28:14 solr数据量异常，最新30分钟数据量：0
2019-10-20 16:31:43 solr数据量异常，最新30分钟数据量：0
2019-10-20 16:35:15 solr数据量异常，最新30分钟数据量：0
